#
# A fatal error has been detected by the Java Runtime Environment:
#
#  EXCEPTION_ACCESS_VIOLATION (0xc0000005) at pc=0x00007ffaf4277164, pid=105636, tid=106660
#
# JRE version: OpenJDK Runtime Environment (24.0.2+12) (build 24.0.2+12-54)
# Java VM: OpenJDK 64-Bit Server VM (24.0.2+12-54, mixed mode, sharing, tiered, compressed oops, compressed class ptrs, g1 gc, windows-amd64)
# Problematic frame:
# C  [jdwp.dll+0x27164]
#
# No core dump will be written. Minidumps are not enabled by default on client versions of Windows
#
# If you would like to submit a bug report, please visit:
#   https://bugreport.java.com/bugreport/crash.jsp
# The crash happened outside the Java Virtual Machine in native code.
# See problematic frame for where to report the bug.
#

---------------  S U M M A R Y ------------

Command Line: -agentlib:jdwp=transport=dt_socket,address=127.0.0.1:51522,suspend=y,server=n -javaagent:C:\Users\ASUS\AppData\Local\JetBrains\IntelliJIdea2025.2\captureAgent\debugger-agent.jar=file:///C:/Users/ASUS/AppData/Local/Temp/capture9273980972158581835.props -agentpath:C:\Users\ASUS\AppData\Local\Temp\idea_libasyncProfiler_dll_temp_folder2\libasyncProfiler.dll=version,jfr,event=wall,interval=10ms,cstack=no,file=C:\Users\ASUS\IdeaSnapshots\ShadowDungeon_2025_10_12_190613.jfr,dbghelppath=C:\Users\ASUS\AppData\Local\Temp\idea_dbghelp_dll_temp_folder\dbghelp.dll,log=C:\Users\ASUS\AppData\Local\Temp\ShadowDungeon_2025_10_12_190613.jfr.log.txt,logLevel=DEBUG -Dkotlinx.coroutines.debug.enable.creation.stack.trace=false -Ddebugger.agent.enable.coroutines=true -Dkotlinx.coroutines.debug.enable.flows.stack.trace=true -Dkotlinx.coroutines.debug.enable.mutable.state.flows.stack.trace=true -Dfile.encoding=UTF-8 -Dsun.stdout.encoding=UTF-8 -Dsun.stderr.encoding=UTF-8 ShadowDungeon

Host: 13th Gen Intel(R) Core(TM) i9-13900H, 20 cores, 15G,  Windows 11 , 64 bit Build 22621 (10.0.22621.5415)
Time: Sun Oct 12 19:06:13 2025 elapsed time: 0.615247 seconds (0d 0h 0m 0s)

---------------  T H R E A D  ---------------

Current thread (0x000002360f39e350):  JavaThread "main"             [_thread_in_native, id=106660, stack(0x0000009b51700000,0x0000009b51800000) (1024K)]

Stack: [0x0000009b51700000,0x0000009b51800000],  sp=0x0000009b517fe318,  free space=1016k
Native frames: (J=compiled Java code, j=interpreted, Vv=VM code, C=native code)
C  [jdwp.dll+0x27164]  (no source info available)
C  [jdwp.dll+0x167c3]  (no source info available)
C  [jdwp.dll+0x12c7f]  (no source info available)
V  [jvm.dll+0x5db047]  (no source info available)
V  [jvm.dll+0x4011a3]  (no source info available)
V  [jvm.dll+0x3ffb86]  (no source info available)
V  [jvm.dll+0x3ffb28]  (no source info available)
V  [jvm.dll+0x62a86b]  (no source info available)
V  [jvm.dll+0x62a929]  (no source info available)
V  [jvm.dll+0x416389]  (no source info available)
V  [jvm.dll+0x415eb6]  (no source info available)
C  0x000002361f7ef291  (no source info available)

The last pc belongs to getstatic (printed below).
Java frames: (J=compiled Java code, j=interpreted, Vv=VM code)
j  org.lwjgl.glfw.GLFW.glfwInit()Z+0
j  bagel.AbstractGame.<clinit>()V+19
v  ~StubRoutines::call_stub 0x000002361f7d0fcd

siginfo: EXCEPTION_ACCESS_VIOLATION (0xc0000005), reading address 0xffffffffffffffff


Registers:
RAX=0x0000023676240770, RBX=0x000002360ef5c650, RCX=0x000002360f39e718, RDX=0x000002360ef5c650
RSP=0x0000009b517fe318, RBP=0x0000000000000002, RSI=0x000002360f39e718, RDI=0x0000009b517fe3c0
R8 =0x0000000000010002, R9 =0x0000000000000000, R10=0x00007ffb0a1e0000, R11=0x0000009b517fe2e8
R12=0x0000000000000000, R13=0x000002360ef5c650, R14=0x00007ffaf4280500, R15=0x0000000000000007
RIP=0x00007ffaf4277164, EFLAGS=0x0000000000010202

XMM[0]=0x0000000000000000 0x0000000000000000
XMM[1]=0x0000000000000000 0x0000000000000000
XMM[2]=0x0000000000000000 0x0000000000000000
XMM[3]=0x0000000000000000 0x0000000000000000
XMM[4]=0x0000000000000000 0x0000000000000000
XMM[5]=0x0000000000000000 0x0000000000000000
XMM[6]=0x0000000000000000 0x0000000000000000
XMM[7]=0x0000000000000000 0x0000000000000000
XMM[8]=0x0000000000000000 0x0000000000000000
XMM[9]=0x0000000000000000 0x0000000000000000
XMM[10]=0x0000000000000000 0x0000000000000000
XMM[11]=0x0000000000000000 0x0000000000000000
XMM[12]=0x0000000000000000 0x0000000000000000
XMM[13]=0x0000000000000000 0x0000000000000000
XMM[14]=0x0000000000000000 0x0000000000000000
XMM[15]=0x0000000000000000 0x0000000000000000
  MXCSR=0x00001fa0


Register to memory mapping:

RAX=0x0000023676240770 points into unknown readable memory: 0x0000000000000000 | 00 00 00 00 00 00 00 00
RBX=0x000002360ef5c650 points into unknown readable memory: 0x0000000715601ed8 | d8 1e 60 15 07 00 00 00
RCX=0x000002360f39e718 points into unknown readable memory: 0x0000023676240770 | 70 07 24 76 36 02 00 00
RDX=0x000002360ef5c650 points into unknown readable memory: 0x0000000715601ed8 | d8 1e 60 15 07 00 00 00
RSP=0x0000009b517fe318 is pointing into the stack for thread: 0x000002360f39e350
RBP=0x0000000000000002 is an unknown value
RSI=0x000002360f39e718 points into unknown readable memory: 0x0000023676240770 | 70 07 24 76 36 02 00 00
RDI=0x0000009b517fe3c0 is pointing into the stack for thread: 0x000002360f39e350
R8 =0x0000000000010002 is an unknown value
R9 =0x0 is null
R10=0x00007ffb0a1e0000 VCRUNTIME140.dll
R11=0x0000009b517fe2e8 is pointing into the stack for thread: 0x000002360f39e350
R12=0x0 is null
R13=0x000002360ef5c650 points into unknown readable memory: 0x0000000715601ed8 | d8 1e 60 15 07 00 00 00
R14=0x00007ffaf4280500 jdwp.dll
R15=0x0000000000000007 is an unknown value

Top of Stack: (sp=0x0000009b517fe318)
0x0000009b517fe318:   00007ffaf42667c3 000002360ef5c650   .g&.....P...6...
0x0000009b517fe328:   000002360f39e718 0000000000000000   ..9.6...........
0x0000009b517fe338:   0000000000000000 000002360f2dc878   ........x.-.6...
0x0000009b517fe348:   0000000000000020 000002360d00fa48    .......H...6...
0x0000009b517fe358:   00007ffaf42805e8 000002360f39e948   ..(.....H.9.6...
0x0000009b517fe368:   00007ffaf4262c7f 000002360ef5c650   .,&.....P...6...
0x0000009b517fe378:   0000000000000002 000002360f39e718   ..........9.6...
0x0000009b517fe388:   000002360ef5c658 0000023630318eb0   X...6.....106...
0x0000009b517fe398:   00007ffa7bb703a1 000002360ef26e48   ...{....Hn..6...
0x0000009b517fe3a8:   0000023630318eb0 0000009b517fe650   ..106...P..Q....
0x0000009b517fe3b8:   000002360f39e350 0000000000000007   P.9.6...........
0x0000009b517fe3c8:   000002360ef5c650 0000000000000000   P...6...........
0x0000009b517fe3d8:   000002360ef5c658 0000000000000000   X...6...........
0x0000009b517fe3e8:   0000000000000000 0000000000000000   ................
0x0000009b517fe3f8:   0000000000000000 0000000000000000   ................
0x0000009b517fe408:   0000000000000000 0000000000000000   ................
0x0000009b517fe418:   000002360f39e948 0000023632014e30   H.9.6...0N.26...
0x0000009b517fe428:   00007ffa7be8b047 000002360ef5c658   G..{....X...6...
0x0000009b517fe438:   000002360f387b80 000002360f39e350   .{8.6...P.9.6...
0x0000009b517fe448:   00000000000003d8 0000000000000000   ................
0x0000009b517fe458:   000002360f2dbb50 0000009b517fe5f0   P.-.6......Q....
0x0000009b517fe468:   0000000000000005 000002360f39e350   ........P.9.6...
0x0000009b517fe478:   00007ffa7bb6e472 000057e26cd8d0fc   r..{.......l.W..
0x0000009b517fe488:   000002363165e240 000002360f2e5d70   @.e16...p]..6...
0x0000009b517fe498:   000002360f39ea90 000002360f39eaa0   ..9.6.....9.6...
0x0000009b517fe4a8:   000002360f39ee78 00000000000003d8   x.9.6...........
0x0000009b517fe4b8:   000002360f39e350 000002360f39e350   P.9.6...P.9.6...
0x0000009b517fe4c8:   000002360f2e58b0 000002360d027dd0   .X..6....}..6...
0x0000009b517fe4d8:   000002360d027df8 000002360d027eb8   .}..6....~..6...
0x0000009b517fe4e8:   00000000000000d8 0000009b517fe500   ...........Q....
0x0000009b517fe4f8:   00007ffa7bfac163 000002360f39e350   c..{....P.9.6...
0x0000009b517fe508:   000002360f2e58b0 000002360d027dd0   .X..6....}..6...

Instructions: (pc=0x00007ffaf4277164)
  0x00007ffaf4277064:   05 87 00 01 00 48 8b 03 48 8b d7 4d 8b 40 30 48
  0x00007ffaf4277074:   8b cb 48 8b 5c 24 30 48 83 c4 20 5f 48 ff a0 00
  0x00007ffaf4277084:   01 00 00 cc 48 89 5c 24 08 57 48 83 ec 20 48 8b
  0x00007ffaf4277094:   f9 e8 de eb ff ff 4c 8b 05 4f 00 01 00 48 8b d8
  0x00007ffaf42770a4:   41 f6 80 10 02 00 00 02 74 33 41 b8 04 06 00 00
  0x00007ffaf42770b4:   48 8d 15 dd be 00 00 48 8d 0d 12 53 00 00 e8 81
  0x00007ffaf42770c4:   47 ff ff 48 8d 15 ea 91 00 00 48 8d 0d 13 53 00
  0x00007ffaf42770d4:   00 e8 16 48 ff ff 4c 8b 05 0f 00 01 00 48 8b 03
  0x00007ffaf42770e4:   48 8b d7 4d 8b 40 38 48 8b cb 48 8b 5c 24 30 48
  0x00007ffaf42770f4:   83 c4 20 5f 48 ff a0 00 01 00 00 cc 48 89 5c 24
  0x00007ffaf4277104:   08 57 48 83 ec 20 48 8b f9 e8 66 eb ff ff 48 8b
  0x00007ffaf4277114:   15 d7 ff 00 00 48 8b d8 f6 82 10 02 00 00 02 74
  0x00007ffaf4277124:   2c 41 b8 f6 05 00 00 48 8d 15 66 be 00 00 48 8d
  0x00007ffaf4277134:   0d 9b 52 00 00 e8 0a 47 ff ff 48 8d 15 5b 63 00
  0x00007ffaf4277144:   00 48 8d 0d 9c 52 00 00 e8 9f 47 ff ff 48 8b 03
  0x00007ffaf4277154:   48 8b d7 48 8b cb 48 8b 5c 24 30 48 83 c4 20 5f
=>0x00007ffaf4277164:   48 ff a0 50 07 00 00 cc 48 89 5c 24 08 48 89 74
  0x00007ffaf4277174:   24 10 48 89 7c 24 18 41 56 48 83 ec 20 4c 63 f2
  0x00007ffaf4277184:   49 8b d8 48 8b d1 41 8b f9 48 8b cb 4d 8d 46 ff
  0x00007ffaf4277194:   ff 15 be 50 00 00 85 c0 75 3c 41 0f be 44 1e ff
  0x00007ffaf42771a4:   3b c7 75 32 49 03 de eb 10 0f be c8 ff 15 ba 50
  0x00007ffaf42771b4:   00 00 85 c0 74 09 48 ff c3 8a 03 84 c0 75 ea 80
  0x00007ffaf42771c4:   3b 3b 74 12 8b d7 48 8b cb e8 40 4b 00 00 48 85
  0x00007ffaf42771d4:   c0 0f 94 c0 eb 02 32 c0 48 8b 5c 24 30 48 8b 74
  0x00007ffaf42771e4:   24 38 48 8b 7c 24 40 48 83 c4 20 41 5e c3 cc cc
  0x00007ffaf42771f4:   0f b6 d1 83 fa 1e 0f 87 83 00 00 00 74 7b 83 fa
  0x00007ffaf4277204:   07 77 41 74 39 83 ea 01 74 2e 83 ea 01 74 23 83
  0x00007ffaf4277214:   ea 01 74 18 83 ea 01 74 0d 83 fa 02 0f 85 8a 00
  0x00007ffaf4277224:   00 00 8d 42 03 c3 b8 04 00 00 00 c3 b8 03 00 00
  0x00007ffaf4277234:   00 c3 b8 02 00 00 00 c3 b8 01 00 00 00 c3 b8 06
  0x00007ffaf4277244:   00 00 00 c3 b8 08 00 00 00 2b d0 74 26 83 ea 01
  0x00007ffaf4277254:   0f 84 88 00 00 00 83 ea 01 74 12 b8 0a 00 00 00


Stack slot to memory mapping:

stack at sp + 0 slots: 0x00007ffaf42667c3 jdwp.dll
stack at sp + 1 slots: 0x000002360ef5c650 points into unknown readable memory: 0x0000000715601ed8 | d8 1e 60 15 07 00 00 00
stack at sp + 2 slots: 0x000002360f39e718 points into unknown readable memory: 0x0000023676240770 | 70 07 24 76 36 02 00 00
stack at sp + 3 slots: 0x0 is null
stack at sp + 4 slots: 0x0 is null
stack at sp + 5 slots: 0x000002360f2dc878 points into unknown readable memory: 0x000002360d00fa00 | 00 fa 00 0d 36 02 00 00
stack at sp + 6 slots: 0x0000000000000020 is an unknown value
stack at sp + 7 slots: 0x000002360d00fa48 points into unknown readable memory: 0x8000001200000001 | 01 00 00 00 12 00 00 80

Lock stack of current Java thread (top to bottom):
LockStack[0]: [I 
{0x0000000714d9c060} - klass: {type array int} - flags: is_cloneable_fast 

 - length: 0

getstatic  178 getstatic  [0x000002361f7ef1e0, 0x000002361f7ef638]  1112 bytes
[MachCode]
  0x000002361f7ef1e0: 4883 ec08 | c5fa 1104 | 24eb 1f48 | 83ec 10c5 | fb11 0424 | eb14 4883 | ec10 4889 | 0424 48c7 
  0x000002361f7ef200: 4424 0800 | 0000 00eb | 0150 488b | 4dd0 410f | b755 0148 | 8b49 306b | d218 488d | 4c11 080f 
  0x000002361f7ef220: b659 1281 | fbb2 0000 | 000f 8474 | 0100 00bb | b200 0000 | e805 0000 | 00e9 5001 | 0000 488b 
  0x000002361f7ef240: d348 8d44 | 2408 4c89 | 6dc0 498b | cfc5 f877 | 4989 afb8 | 0300 0049 | 8987 a803 | 0000 4883 
  0x000002361f7ef260: ec20 40f6 | c40f 0f84 | 1900 0000 | 4883 ec08 | 48b8 505d | cc7b fa7f | 0000 ffd0 | 4883 c408 
  0x000002361f7ef280: e90c 0000 | 0048 b850 | 5dcc 7bfa | 7f00 00ff | d048 83c4 | 2049 c787 | a803 0000 | 0000 0000 
  0x000002361f7ef2a0: 49c7 87b8 | 0300 0000 | 0000 0049 | c787 b003 | 0000 0000 | 0000 c5f8 | 7741 8b8f | 3405 0000 
  0x000002361f7ef2c0: f6c1 010f | 8442 0000 | 00f6 c102 | 0f85 3900 | 0000 4883 | ec20 40f6 | c40f 0f84 | 1900 0000 
  0x000002361f7ef2e0: 4883 ec08 | 48b8 f002 | cc7b fa7f | 0000 ffd0 | 4883 c408 | e90c 0000 | 0048 b8f0 | 02cc 7bfa 
  0x000002361f7ef300: 7f00 00ff | d048 83c4 | 20ff e049 | 8b8f f805 | 0000 4885 | c90f 8455 | 0000 008b | 899c 0000 
  0x000002361f7ef320: 0083 f901 | 0f85 4600 | 0000 498b | 8ff8 0500 | 008b 89a0 | 0000 0048 | 83ec 2040 | f6c4 0f0f 
  0x000002361f7ef340: 8419 0000 | 0048 83ec | 0848 b8e0 | 02cc 7bfa | 7f00 00ff | d048 83c4 | 08e9 0c00 | 0000 48b8 
  0x000002361f7ef360: e002 cc7b | fa7f 0000 | ffd0 4883 | c420 ffe0 | 4983 7f08 | 000f 8405 | 0000 00e9 | 401b feff 
  0x000002361f7ef380: 4c8b 6dc0 | 4c8b 75c8 | 4e8d 74f5 | 00c3 488b | 4dd0 410f | b755 0148 | 8b49 306b | d218 488d 
  0x000002361f7ef3a0: 4c11 0848 | b870 d955 | 7cfa 7f00 | 008b 0085 | c00f 848a | 0100 0048 | 8b4d d041 | 0fb7 5501 
  0x000002361f7ef3c0: 488b 4930 | 6bd2 1848 | 8d4c 1108 | 4833 c0e8 | 0500 0000 | e953 0100 | 004c 8bc1 | 488b d048 
  0x000002361f7ef3e0: 8d44 2408 | 4c89 6dc0 | 498b cfc5 | f877 4989 | afb8 0300 | 0049 8987 | a803 0000 | 4883 ec20 
  0x000002361f7ef400: 40f6 c40f | 0f84 1900 | 0000 4883 | ec08 48b8 | c052 cc7b | fa7f 0000 | ffd0 4883 | c408 e90c 
  0x000002361f7ef420: 0000 0048 | b8c0 52cc | 7bfa 7f00 | 00ff d048 | 83c4 2049 | c787 a803 | 0000 0000 | 0000 49c7 
  0x000002361f7ef440: 87b8 0300 | 0000 0000 | 0049 c787 | b003 0000 | 0000 0000 | c5f8 7741 | 8b8f 3405 | 0000 f6c1 
  0x000002361f7ef460: 010f 8442 | 0000 00f6 | c102 0f85 | 3900 0000 | 4883 ec20 | 40f6 c40f | 0f84 1900 | 0000 4883 
  0x000002361f7ef480: ec08 48b8 | f002 cc7b | fa7f 0000 | ffd0 4883 | c408 e90c | 0000 0048 | b8f0 02cc | 7bfa 7f00 
  0x000002361f7ef4a0: 00ff d048 | 83c4 20ff | e049 8b8f | f805 0000 | 4885 c90f | 8455 0000 | 008b 899c | 0000 0083 
  0x000002361f7ef4c0: f901 0f85 | 4600 0000 | 498b 8ff8 | 0500 008b | 89a0 0000 | 0048 83ec | 2040 f6c4 | 0f0f 8419 
  0x000002361f7ef4e0: 0000 0048 | 83ec 0848 | b8e0 02cc | 7bfa 7f00 | 00ff d048 | 83c4 08e9 | 0c00 0000 | 48b8 e002 
  0x000002361f7ef500: cc7b fa7f | 0000 ffd0 | 4883 c420 | ffe0 4983 | 7f08 000f | 8405 0000 | 00e9 a219 | feff 4c8b 
  0x000002361f7ef520: 6dc0 4c8b | 75c8 4e8d | 74f5 00c3 | 488b 4dd0 | 410f b755 | 0148 8b49 | 306b d218 | 488d 4c11 
  0x000002361f7ef540: 088b 5908 | 0fb6 5111 | 0fb6 4110 | 4c8b 094d | 8b49 704d | 8b09 85c0 | 0f85 0b00 | 0000 410f 
  0x000002361f7ef560: be04 1950 | e9b5 0000 | 0083 f801 | 0f85 0b00 | 0000 410f | b604 1950 | e9a1 0000 | 0083 f808 
  0x000002361f7ef580: 0f85 0e00 | 0000 418b | 0419 48c1 | e003 50e9 | 8a00 0000 | 83f8 040f | 850a 0000 | 0041 8b04 
  0x000002361f7ef5a0: 1950 e977 | 0000 0083 | f802 0f85 | 0b00 0000 | 410f b704 | 1950 e963 | 0000 0083 | f803 0f85 
  0x000002361f7ef5c0: 0b00 0000 | 410f bf04 | 1950 e94f | 0000 0083 | f805 0f85 | 1a00 0000 | 498b 0419 | 4883 ec10 
  0x000002361f7ef5e0: 4889 0424 | 48c7 4424 | 0800 0000 | 00e9 2c00 | 0000 83f8 | 060f 8514 | 0000 00c4 | c17a 1004 
  0x000002361f7ef600: 1948 83ec | 08c5 fa11 | 0424 e90f | 0000 00c4 | c17b 1004 | 1948 83ec | 10c5 fb11 | 0424 410f 
  0x000002361f7ef620: b65d 0349 | 83c5 0349 | ba70 9158 | 7cfa 7f00 | 0041 ff24 | da66 6690 
[/MachCode]

---------------  P R O C E S S  ---------------

Threads class SMR info:
_java_thread_list=0x00000236306bb9c0, length=18, elements={
0x000002360f39e350, 0x00000236302d9bf0, 0x00000236302db940, 0x00000236302dca20,
0x00000236302e58e0, 0x00000236302e6ce0, 0x00000236302eb950, 0x00000236303112f0,
0x0000023630319020, 0x000002363031c510, 0x00000236303197b0, 0x000002363031b5f0,
0x00000236304bedd0, 0x000002363056a780, 0x000002363056aed0, 0x00000236304f5c00,
0x000002363068f5a0, 0x00000236306b8a90
}

Java Threads: ( => current thread )
=>0x000002360f39e350 JavaThread "main"                              [_thread_in_native, id=106660, stack(0x0000009b51700000,0x0000009b51800000) (1024K)]
  0x00000236302d9bf0 JavaThread "Reference Handler"          daemon [_thread_blocked, id=101768, stack(0x0000009b51f00000,0x0000009b52000000) (1024K)]
  0x00000236302db940 JavaThread "Finalizer"                  daemon [_thread_blocked, id=104512, stack(0x0000009b52000000,0x0000009b52100000) (1024K)]
  0x00000236302dca20 JavaThread "Signal Dispatcher"          daemon [_thread_blocked, id=106492, stack(0x0000009b52100000,0x0000009b52200000) (1024K)]
  0x00000236302e58e0 JavaThread "Attach Listener"            daemon [_thread_blocked, id=106920, stack(0x0000009b52200000,0x0000009b52300000) (1024K)]
  0x00000236302e6ce0 JavaThread "Service Thread"             daemon [_thread_blocked, id=57196, stack(0x0000009b52300000,0x0000009b52400000) (1024K)]
  0x00000236302eb950 JavaThread "Monitor Deflation Thread"   daemon [_thread_blocked, id=103572, stack(0x0000009b52400000,0x0000009b52500000) (1024K)]
  0x00000236303112f0 JavaThread "C2 CompilerThread0"         daemon [_thread_blocked, id=107428, stack(0x0000009b52500000,0x0000009b52600000) (1024K)]
  0x0000023630319020 JavaThread "C1 CompilerThread0"         daemon [_thread_blocked, id=107416, stack(0x0000009b52600000,0x0000009b52700000) (1024K)]
  0x000002363031c510 JavaThread "C1 CompilerThread1"         daemon [_thread_blocked, id=107120, stack(0x0000009b52700000,0x0000009b52800000) (1024K)]
  0x00000236303197b0 JavaThread "C1 CompilerThread2"         daemon [_thread_blocked, id=104472, stack(0x0000009b52800000,0x0000009b52900000) (1024K)]
  0x000002363031b5f0 JavaThread "C1 CompilerThread3"         daemon [_thread_blocked, id=106184, stack(0x0000009b52900000,0x0000009b52a00000) (1024K)]
  0x00000236304bedd0 JavaThread "JDWP Transport Listener: dt_socket" daemon [_thread_blocked, id=106740, stack(0x0000009b52a00000,0x0000009b52b00000) (1024K)]
  0x000002363056a780 JavaThread "JDWP Event Helper Thread"   daemon [_thread_blocked, id=106252, stack(0x0000009b52b00000,0x0000009b52c00000) (1024K)]
  0x000002363056aed0 JavaThread "JDWP Command Reader"        daemon [_thread_in_native, id=107164, stack(0x0000009b52c00000,0x0000009b52d00000) (1024K)]
  0x00000236304f5c00 JavaThread "Common-Cleaner"             daemon [_thread_blocked, id=106304, stack(0x0000009b52d00000,0x0000009b52e00000) (1024K)]
  0x000002363068f5a0 JavaThread "IntelliJ Suspend Helper"    daemon [_thread_blocked, id=107008, stack(0x0000009b52e00000,0x0000009b52f00000) (1024K)]
  0x00000236306b8a90 JavaThread "Notification Thread"        daemon [_thread_blocked, id=106624, stack(0x0000009b52f00000,0x0000009b53000000) (1024K)]
Total: 18

Other Threads:
  0x000002360ef58f60 VMThread "VM Thread"                           [id=107048, stack(0x0000009b51e00000,0x0000009b51f00000) (1024K)]
  0x000002360ef2d3c0 WatcherThread "VM Periodic Task Thread"        [id=107144, stack(0x0000009b51d00000,0x0000009b51e00000) (1024K)]
  0x000002360ee422d0 WorkerThread "GC Thread#0"                     [id=95740, stack(0x0000009b51800000,0x0000009b51900000) (1024K)]
  0x000002360ee59040 ConcurrentGCThread "G1 Main Marker"            [id=81464, stack(0x0000009b51900000,0x0000009b51a00000) (1024K)]
  0x000002360ee5b300 WorkerThread "G1 Conc#0"                       [id=105456, stack(0x0000009b51a00000,0x0000009b51b00000) (1024K)]
  0x000002360ef1fbf0 ConcurrentGCThread "G1 Refine#0"               [id=84060, stack(0x0000009b51b00000,0x0000009b51c00000) (1024K)]
  0x000002360ef20770 ConcurrentGCThread "G1 Service"                [id=106588, stack(0x0000009b51c00000,0x0000009b51d00000) (1024K)]
Total: 7

Threads with active compile tasks:
Total: 0

VM state: not at safepoint (normal execution)

VM Mutex/Monitor currently owned by a thread: None

Heap address: 0x0000000705c00000, size: 4004 MB, Compressed Oops mode: Zero based, Oop shift amount: 3

CDS archive(s) mapped at: [0x0000023631000000-0x0000023631d40000-0x0000023631d40000), size 13893632, SharedBaseAddress: 0x0000023631000000, ArchiveRelocationMode: 1.
Compressed class space mapped at: 0x0000023632000000-0x0000023672000000, reserved size: 1073741824
UseCompressedClassPointers 1, UseCompactObjectHeaders 0
Narrow klass pointer bits 32, Max shift 3
Narrow klass base: 0x0000023631000000, Narrow klass shift: 0
Encoding Range: [0x0000023631000000 - 0x0000023731000000), (4294967296 bytes)
Klass Range:    [0x0000023631000000 - 0x0000023672000000), (1090519040 bytes)
Klass ID Range:  [8 - 1090519033) (1090519025)

GC Precious Log:
 CardTable entry size: 512
 Card Set container configuration: InlinePtr #cards 4 size 8 Array Of Cards #cards 16 size 48 Howl #buckets 8 coarsen threshold 3686 Howl Bitmap #cards 512 size 80 coarsen threshold 460 Card regions per heap region 1 cards per card region 4096
 CPUs: 20 total, 20 available
 Memory: 16008M
 Large Page Support: Disabled
 NUMA Support: Disabled
 Compressed Oops: Enabled (Zero based)
 Heap Region Size: 2M
 Heap Min Capacity: 8M
 Heap Initial Capacity: 252M
 Heap Max Capacity: 4004M
 Pre-touch: Disabled
 Parallel Workers: 15
 Concurrent Workers: 4
 Concurrent Refinement Workers: 15
 Periodic GC: Disabled

Heap:
 garbage-first heap   total reserved 4100096K, committed 260096K, used 11376K [0x0000000705c00000, 0x0000000800000000)
  region size 2048K, 6 young (12288K), 0 survivors (0K)
 Metaspace       used 4307K, committed 4480K, reserved 1114112K
  class space    used 318K, committed 448K, reserved 1048576K

Heap Regions: E=young(eden), S=young(survivor), O=old, HS=humongous(starts), HC=humongous(continues), CS=collection set, F=free, TAMS=top-at-mark-start, PB=parsable bottom
|   0|0x0000000705c00000, 0x0000000705c00000, 0x0000000705e00000|  0%| F|  |TAMS 0x0000000705c00000| PB 0x0000000705c00000| Untracked |  0
|   1|0x0000000705e00000, 0x0000000705e00000, 0x0000000706000000|  0%| F|  |TAMS 0x0000000705e00000| PB 0x0000000705e00000| Untracked |  0
|   2|0x0000000706000000, 0x0000000706000000, 0x0000000706200000|  0%| F|  |TAMS 0x0000000706000000| PB 0x0000000706000000| Untracked |  0
|   3|0x0000000706200000, 0x0000000706200000, 0x0000000706400000|  0%| F|  |TAMS 0x0000000706200000| PB 0x0000000706200000| Untracked |  0
|   4|0x0000000706400000, 0x0000000706400000, 0x0000000706600000|  0%| F|  |TAMS 0x0000000706400000| PB 0x0000000706400000| Untracked |  0
|   5|0x0000000706600000, 0x0000000706600000, 0x0000000706800000|  0%| F|  |TAMS 0x0000000706600000| PB 0x0000000706600000| Untracked |  0
|   6|0x0000000706800000, 0x0000000706800000, 0x0000000706a00000|  0%| F|  |TAMS 0x0000000706800000| PB 0x0000000706800000| Untracked |  0
|   7|0x0000000706a00000, 0x0000000706a00000, 0x0000000706c00000|  0%| F|  |TAMS 0x0000000706a00000| PB 0x0000000706a00000| Untracked |  0
|   8|0x0000000706c00000, 0x0000000706c00000, 0x0000000706e00000|  0%| F|  |TAMS 0x0000000706c00000| PB 0x0000000706c00000| Untracked |  0
|   9|0x0000000706e00000, 0x0000000706e00000, 0x0000000707000000|  0%| F|  |TAMS 0x0000000706e00000| PB 0x0000000706e00000| Untracked |  0
|  10|0x0000000707000000, 0x0000000707000000, 0x0000000707200000|  0%| F|  |TAMS 0x0000000707000000| PB 0x0000000707000000| Untracked |  0
|  11|0x0000000707200000, 0x0000000707200000, 0x0000000707400000|  0%| F|  |TAMS 0x0000000707200000| PB 0x0000000707200000| Untracked |  0
|  12|0x0000000707400000, 0x0000000707400000, 0x0000000707600000|  0%| F|  |TAMS 0x0000000707400000| PB 0x0000000707400000| Untracked |  0
|  13|0x0000000707600000, 0x0000000707600000, 0x0000000707800000|  0%| F|  |TAMS 0x0000000707600000| PB 0x0000000707600000| Untracked |  0
|  14|0x0000000707800000, 0x0000000707800000, 0x0000000707a00000|  0%| F|  |TAMS 0x0000000707800000| PB 0x0000000707800000| Untracked |  0
|  15|0x0000000707a00000, 0x0000000707a00000, 0x0000000707c00000|  0%| F|  |TAMS 0x0000000707a00000| PB 0x0000000707a00000| Untracked |  0
|  16|0x0000000707c00000, 0x0000000707c00000, 0x0000000707e00000|  0%| F|  |TAMS 0x0000000707c00000| PB 0x0000000707c00000| Untracked |  0
|  17|0x0000000707e00000, 0x0000000707e00000, 0x0000000708000000|  0%| F|  |TAMS 0x0000000707e00000| PB 0x0000000707e00000| Untracked |  0
|  18|0x0000000708000000, 0x0000000708000000, 0x0000000708200000|  0%| F|  |TAMS 0x0000000708000000| PB 0x0000000708000000| Untracked |  0
|  19|0x0000000708200000, 0x0000000708200000, 0x0000000708400000|  0%| F|  |TAMS 0x0000000708200000| PB 0x0000000708200000| Untracked |  0
|  20|0x0000000708400000, 0x0000000708400000, 0x0000000708600000|  0%| F|  |TAMS 0x0000000708400000| PB 0x0000000708400000| Untracked |  0
|  21|0x0000000708600000, 0x0000000708600000, 0x0000000708800000|  0%| F|  |TAMS 0x0000000708600000| PB 0x0000000708600000| Untracked |  0
|  22|0x0000000708800000, 0x0000000708800000, 0x0000000708a00000|  0%| F|  |TAMS 0x0000000708800000| PB 0x0000000708800000| Untracked |  0
|  23|0x0000000708a00000, 0x0000000708a00000, 0x0000000708c00000|  0%| F|  |TAMS 0x0000000708a00000| PB 0x0000000708a00000| Untracked |  0
|  24|0x0000000708c00000, 0x0000000708c00000, 0x0000000708e00000|  0%| F|  |TAMS 0x0000000708c00000| PB 0x0000000708c00000| Untracked |  0
|  25|0x0000000708e00000, 0x0000000708e00000, 0x0000000709000000|  0%| F|  |TAMS 0x0000000708e00000| PB 0x0000000708e00000| Untracked |  0
|  26|0x0000000709000000, 0x0000000709000000, 0x0000000709200000|  0%| F|  |TAMS 0x0000000709000000| PB 0x0000000709000000| Untracked |  0
|  27|0x0000000709200000, 0x0000000709200000, 0x0000000709400000|  0%| F|  |TAMS 0x0000000709200000| PB 0x0000000709200000| Untracked |  0
|  28|0x0000000709400000, 0x0000000709400000, 0x0000000709600000|  0%| F|  |TAMS 0x0000000709400000| PB 0x0000000709400000| Untracked |  0
|  29|0x0000000709600000, 0x0000000709600000, 0x0000000709800000|  0%| F|  |TAMS 0x0000000709600000| PB 0x0000000709600000| Untracked |  0
|  30|0x0000000709800000, 0x0000000709800000, 0x0000000709a00000|  0%| F|  |TAMS 0x0000000709800000| PB 0x0000000709800000| Untracked |  0
|  31|0x0000000709a00000, 0x0000000709a00000, 0x0000000709c00000|  0%| F|  |TAMS 0x0000000709a00000| PB 0x0000000709a00000| Untracked |  0
|  32|0x0000000709c00000, 0x0000000709c00000, 0x0000000709e00000|  0%| F|  |TAMS 0x0000000709c00000| PB 0x0000000709c00000| Untracked |  0
|  33|0x0000000709e00000, 0x0000000709e00000, 0x000000070a000000|  0%| F|  |TAMS 0x0000000709e00000| PB 0x0000000709e00000| Untracked |  0
|  34|0x000000070a000000, 0x000000070a000000, 0x000000070a200000|  0%| F|  |TAMS 0x000000070a000000| PB 0x000000070a000000| Untracked |  0
|  35|0x000000070a200000, 0x000000070a200000, 0x000000070a400000|  0%| F|  |TAMS 0x000000070a200000| PB 0x000000070a200000| Untracked |  0
|  36|0x000000070a400000, 0x000000070a400000, 0x000000070a600000|  0%| F|  |TAMS 0x000000070a400000| PB 0x000000070a400000| Untracked |  0
|  37|0x000000070a600000, 0x000000070a600000, 0x000000070a800000|  0%| F|  |TAMS 0x000000070a600000| PB 0x000000070a600000| Untracked |  0
|  38|0x000000070a800000, 0x000000070a800000, 0x000000070aa00000|  0%| F|  |TAMS 0x000000070a800000| PB 0x000000070a800000| Untracked |  0
|  39|0x000000070aa00000, 0x000000070aa00000, 0x000000070ac00000|  0%| F|  |TAMS 0x000000070aa00000| PB 0x000000070aa00000| Untracked |  0
|  40|0x000000070ac00000, 0x000000070ac00000, 0x000000070ae00000|  0%| F|  |TAMS 0x000000070ac00000| PB 0x000000070ac00000| Untracked |  0
|  41|0x000000070ae00000, 0x000000070ae00000, 0x000000070b000000|  0%| F|  |TAMS 0x000000070ae00000| PB 0x000000070ae00000| Untracked |  0
|  42|0x000000070b000000, 0x000000070b000000, 0x000000070b200000|  0%| F|  |TAMS 0x000000070b000000| PB 0x000000070b000000| Untracked |  0
|  43|0x000000070b200000, 0x000000070b200000, 0x000000070b400000|  0%| F|  |TAMS 0x000000070b200000| PB 0x000000070b200000| Untracked |  0
|  44|0x000000070b400000, 0x000000070b400000, 0x000000070b600000|  0%| F|  |TAMS 0x000000070b400000| PB 0x000000070b400000| Untracked |  0
|  45|0x000000070b600000, 0x000000070b600000, 0x000000070b800000|  0%| F|  |TAMS 0x000000070b600000| PB 0x000000070b600000| Untracked |  0
|  46|0x000000070b800000, 0x000000070b800000, 0x000000070ba00000|  0%| F|  |TAMS 0x000000070b800000| PB 0x000000070b800000| Untracked |  0
|  47|0x000000070ba00000, 0x000000070ba00000, 0x000000070bc00000|  0%| F|  |TAMS 0x000000070ba00000| PB 0x000000070ba00000| Untracked |  0
|  48|0x000000070bc00000, 0x000000070bc00000, 0x000000070be00000|  0%| F|  |TAMS 0x000000070bc00000| PB 0x000000070bc00000| Untracked |  0
|  49|0x000000070be00000, 0x000000070be00000, 0x000000070c000000|  0%| F|  |TAMS 0x000000070be00000| PB 0x000000070be00000| Untracked |  0
|  50|0x000000070c000000, 0x000000070c000000, 0x000000070c200000|  0%| F|  |TAMS 0x000000070c000000| PB 0x000000070c000000| Untracked |  0
|  51|0x000000070c200000, 0x000000070c200000, 0x000000070c400000|  0%| F|  |TAMS 0x000000070c200000| PB 0x000000070c200000| Untracked |  0
|  52|0x000000070c400000, 0x000000070c400000, 0x000000070c600000|  0%| F|  |TAMS 0x000000070c400000| PB 0x000000070c400000| Untracked |  0
|  53|0x000000070c600000, 0x000000070c600000, 0x000000070c800000|  0%| F|  |TAMS 0x000000070c600000| PB 0x000000070c600000| Untracked |  0
|  54|0x000000070c800000, 0x000000070c800000, 0x000000070ca00000|  0%| F|  |TAMS 0x000000070c800000| PB 0x000000070c800000| Untracked |  0
|  55|0x000000070ca00000, 0x000000070ca00000, 0x000000070cc00000|  0%| F|  |TAMS 0x000000070ca00000| PB 0x000000070ca00000| Untracked |  0
|  56|0x000000070cc00000, 0x000000070cc00000, 0x000000070ce00000|  0%| F|  |TAMS 0x000000070cc00000| PB 0x000000070cc00000| Untracked |  0
|  57|0x000000070ce00000, 0x000000070ce00000, 0x000000070d000000|  0%| F|  |TAMS 0x000000070ce00000| PB 0x000000070ce00000| Untracked |  0
|  58|0x000000070d000000, 0x000000070d000000, 0x000000070d200000|  0%| F|  |TAMS 0x000000070d000000| PB 0x000000070d000000| Untracked |  0
|  59|0x000000070d200000, 0x000000070d200000, 0x000000070d400000|  0%| F|  |TAMS 0x000000070d200000| PB 0x000000070d200000| Untracked |  0
|  60|0x000000070d400000, 0x000000070d400000, 0x000000070d600000|  0%| F|  |TAMS 0x000000070d400000| PB 0x000000070d400000| Untracked |  0
|  61|0x000000070d600000, 0x000000070d600000, 0x000000070d800000|  0%| F|  |TAMS 0x000000070d600000| PB 0x000000070d600000| Untracked |  0
|  62|0x000000070d800000, 0x000000070d800000, 0x000000070da00000|  0%| F|  |TAMS 0x000000070d800000| PB 0x000000070d800000| Untracked |  0
|  63|0x000000070da00000, 0x000000070da00000, 0x000000070dc00000|  0%| F|  |TAMS 0x000000070da00000| PB 0x000000070da00000| Untracked |  0
|  64|0x000000070dc00000, 0x000000070dc00000, 0x000000070de00000|  0%| F|  |TAMS 0x000000070dc00000| PB 0x000000070dc00000| Untracked |  0
|  65|0x000000070de00000, 0x000000070de00000, 0x000000070e000000|  0%| F|  |TAMS 0x000000070de00000| PB 0x000000070de00000| Untracked |  0
|  66|0x000000070e000000, 0x000000070e000000, 0x000000070e200000|  0%| F|  |TAMS 0x000000070e000000| PB 0x000000070e000000| Untracked |  0
|  67|0x000000070e200000, 0x000000070e200000, 0x000000070e400000|  0%| F|  |TAMS 0x000000070e200000| PB 0x000000070e200000| Untracked |  0
|  68|0x000000070e400000, 0x000000070e400000, 0x000000070e600000|  0%| F|  |TAMS 0x000000070e400000| PB 0x000000070e400000| Untracked |  0
|  69|0x000000070e600000, 0x000000070e600000, 0x000000070e800000|  0%| F|  |TAMS 0x000000070e600000| PB 0x000000070e600000| Untracked |  0
|  70|0x000000070e800000, 0x000000070e800000, 0x000000070ea00000|  0%| F|  |TAMS 0x000000070e800000| PB 0x000000070e800000| Untracked |  0
|  71|0x000000070ea00000, 0x000000070ea00000, 0x000000070ec00000|  0%| F|  |TAMS 0x000000070ea00000| PB 0x000000070ea00000| Untracked |  0
|  72|0x000000070ec00000, 0x000000070ec00000, 0x000000070ee00000|  0%| F|  |TAMS 0x000000070ec00000| PB 0x000000070ec00000| Untracked |  0
|  73|0x000000070ee00000, 0x000000070ee00000, 0x000000070f000000|  0%| F|  |TAMS 0x000000070ee00000| PB 0x000000070ee00000| Untracked |  0
|  74|0x000000070f000000, 0x000000070f000000, 0x000000070f200000|  0%| F|  |TAMS 0x000000070f000000| PB 0x000000070f000000| Untracked |  0
|  75|0x000000070f200000, 0x000000070f200000, 0x000000070f400000|  0%| F|  |TAMS 0x000000070f200000| PB 0x000000070f200000| Untracked |  0
|  76|0x000000070f400000, 0x000000070f400000, 0x000000070f600000|  0%| F|  |TAMS 0x000000070f400000| PB 0x000000070f400000| Untracked |  0
|  77|0x000000070f600000, 0x000000070f600000, 0x000000070f800000|  0%| F|  |TAMS 0x000000070f600000| PB 0x000000070f600000| Untracked |  0
|  78|0x000000070f800000, 0x000000070f800000, 0x000000070fa00000|  0%| F|  |TAMS 0x000000070f800000| PB 0x000000070f800000| Untracked |  0
|  79|0x000000070fa00000, 0x000000070fa00000, 0x000000070fc00000|  0%| F|  |TAMS 0x000000070fa00000| PB 0x000000070fa00000| Untracked |  0
|  80|0x000000070fc00000, 0x000000070fc00000, 0x000000070fe00000|  0%| F|  |TAMS 0x000000070fc00000| PB 0x000000070fc00000| Untracked |  0
|  81|0x000000070fe00000, 0x000000070fe00000, 0x0000000710000000|  0%| F|  |TAMS 0x000000070fe00000| PB 0x000000070fe00000| Untracked |  0
|  82|0x0000000710000000, 0x0000000710000000, 0x0000000710200000|  0%| F|  |TAMS 0x0000000710000000| PB 0x0000000710000000| Untracked |  0
|  83|0x0000000710200000, 0x0000000710200000, 0x0000000710400000|  0%| F|  |TAMS 0x0000000710200000| PB 0x0000000710200000| Untracked |  0
|  84|0x0000000710400000, 0x0000000710400000, 0x0000000710600000|  0%| F|  |TAMS 0x0000000710400000| PB 0x0000000710400000| Untracked |  0
|  85|0x0000000710600000, 0x0000000710600000, 0x0000000710800000|  0%| F|  |TAMS 0x0000000710600000| PB 0x0000000710600000| Untracked |  0
|  86|0x0000000710800000, 0x0000000710800000, 0x0000000710a00000|  0%| F|  |TAMS 0x0000000710800000| PB 0x0000000710800000| Untracked |  0
|  87|0x0000000710a00000, 0x0000000710a00000, 0x0000000710c00000|  0%| F|  |TAMS 0x0000000710a00000| PB 0x0000000710a00000| Untracked |  0
|  88|0x0000000710c00000, 0x0000000710c00000, 0x0000000710e00000|  0%| F|  |TAMS 0x0000000710c00000| PB 0x0000000710c00000| Untracked |  0
|  89|0x0000000710e00000, 0x0000000710e00000, 0x0000000711000000|  0%| F|  |TAMS 0x0000000710e00000| PB 0x0000000710e00000| Untracked |  0
|  90|0x0000000711000000, 0x0000000711000000, 0x0000000711200000|  0%| F|  |TAMS 0x0000000711000000| PB 0x0000000711000000| Untracked |  0
|  91|0x0000000711200000, 0x0000000711200000, 0x0000000711400000|  0%| F|  |TAMS 0x0000000711200000| PB 0x0000000711200000| Untracked |  0
|  92|0x0000000711400000, 0x0000000711400000, 0x0000000711600000|  0%| F|  |TAMS 0x0000000711400000| PB 0x0000000711400000| Untracked |  0
|  93|0x0000000711600000, 0x0000000711600000, 0x0000000711800000|  0%| F|  |TAMS 0x0000000711600000| PB 0x0000000711600000| Untracked |  0
|  94|0x0000000711800000, 0x0000000711800000, 0x0000000711a00000|  0%| F|  |TAMS 0x0000000711800000| PB 0x0000000711800000| Untracked |  0
|  95|0x0000000711a00000, 0x0000000711a00000, 0x0000000711c00000|  0%| F|  |TAMS 0x0000000711a00000| PB 0x0000000711a00000| Untracked |  0
|  96|0x0000000711c00000, 0x0000000711c00000, 0x0000000711e00000|  0%| F|  |TAMS 0x0000000711c00000| PB 0x0000000711c00000| Untracked |  0
|  97|0x0000000711e00000, 0x0000000711e00000, 0x0000000712000000|  0%| F|  |TAMS 0x0000000711e00000| PB 0x0000000711e00000| Untracked |  0
|  98|0x0000000712000000, 0x0000000712000000, 0x0000000712200000|  0%| F|  |TAMS 0x0000000712000000| PB 0x0000000712000000| Untracked |  0
|  99|0x0000000712200000, 0x0000000712200000, 0x0000000712400000|  0%| F|  |TAMS 0x0000000712200000| PB 0x0000000712200000| Untracked |  0
| 100|0x0000000712400000, 0x0000000712400000, 0x0000000712600000|  0%| F|  |TAMS 0x0000000712400000| PB 0x0000000712400000| Untracked |  0
| 101|0x0000000712600000, 0x0000000712600000, 0x0000000712800000|  0%| F|  |TAMS 0x0000000712600000| PB 0x0000000712600000| Untracked |  0
| 102|0x0000000712800000, 0x0000000712800000, 0x0000000712a00000|  0%| F|  |TAMS 0x0000000712800000| PB 0x0000000712800000| Untracked |  0
| 103|0x0000000712a00000, 0x0000000712a00000, 0x0000000712c00000|  0%| F|  |TAMS 0x0000000712a00000| PB 0x0000000712a00000| Untracked |  0
| 104|0x0000000712c00000, 0x0000000712c00000, 0x0000000712e00000|  0%| F|  |TAMS 0x0000000712c00000| PB 0x0000000712c00000| Untracked |  0
| 105|0x0000000712e00000, 0x0000000712e00000, 0x0000000713000000|  0%| F|  |TAMS 0x0000000712e00000| PB 0x0000000712e00000| Untracked |  0
| 106|0x0000000713000000, 0x0000000713000000, 0x0000000713200000|  0%| F|  |TAMS 0x0000000713000000| PB 0x0000000713000000| Untracked |  0
| 107|0x0000000713200000, 0x0000000713200000, 0x0000000713400000|  0%| F|  |TAMS 0x0000000713200000| PB 0x0000000713200000| Untracked |  0
| 108|0x0000000713400000, 0x0000000713400000, 0x0000000713600000|  0%| F|  |TAMS 0x0000000713400000| PB 0x0000000713400000| Untracked |  0
| 109|0x0000000713600000, 0x0000000713600000, 0x0000000713800000|  0%| F|  |TAMS 0x0000000713600000| PB 0x0000000713600000| Untracked |  0
| 110|0x0000000713800000, 0x0000000713800000, 0x0000000713a00000|  0%| F|  |TAMS 0x0000000713800000| PB 0x0000000713800000| Untracked |  0
| 111|0x0000000713a00000, 0x0000000713a00000, 0x0000000713c00000|  0%| F|  |TAMS 0x0000000713a00000| PB 0x0000000713a00000| Untracked |  0
| 112|0x0000000713c00000, 0x0000000713c00000, 0x0000000713e00000|  0%| F|  |TAMS 0x0000000713c00000| PB 0x0000000713c00000| Untracked |  0
| 113|0x0000000713e00000, 0x0000000713e00000, 0x0000000714000000|  0%| F|  |TAMS 0x0000000713e00000| PB 0x0000000713e00000| Untracked |  0
| 114|0x0000000714000000, 0x0000000714000000, 0x0000000714200000|  0%| F|  |TAMS 0x0000000714000000| PB 0x0000000714000000| Untracked |  0
| 115|0x0000000714200000, 0x0000000714200000, 0x0000000714400000|  0%| F|  |TAMS 0x0000000714200000| PB 0x0000000714200000| Untracked |  0
| 116|0x0000000714400000, 0x0000000714400000, 0x0000000714600000|  0%| F|  |TAMS 0x0000000714400000| PB 0x0000000714400000| Untracked |  0
| 117|0x0000000714600000, 0x0000000714600000, 0x0000000714800000|  0%| F|  |TAMS 0x0000000714600000| PB 0x0000000714600000| Untracked |  0
| 118|0x0000000714800000, 0x0000000714800000, 0x0000000714a00000|  0%| F|  |TAMS 0x0000000714800000| PB 0x0000000714800000| Untracked |  0
| 119|0x0000000714a00000, 0x0000000714a00000, 0x0000000714c00000|  0%| F|  |TAMS 0x0000000714a00000| PB 0x0000000714a00000| Untracked |  0
| 120|0x0000000714c00000, 0x0000000714df56b0, 0x0000000714e00000| 97%| E|  |TAMS 0x0000000714c00000| PB 0x0000000714c00000| Complete |  0
| 121|0x0000000714e00000, 0x0000000715000000, 0x0000000715000000|100%| E|CS|TAMS 0x0000000714e00000| PB 0x0000000714e00000| Complete |  0
| 122|0x0000000715000000, 0x0000000715200000, 0x0000000715200000|100%| E|CS|TAMS 0x0000000715000000| PB 0x0000000715000000| Complete |  0
| 123|0x0000000715200000, 0x0000000715400000, 0x0000000715400000|100%| E|CS|TAMS 0x0000000715200000| PB 0x0000000715200000| Complete |  0
| 124|0x0000000715400000, 0x0000000715600000, 0x0000000715600000|100%| E|CS|TAMS 0x0000000715400000| PB 0x0000000715400000| Complete |  0
| 125|0x0000000715600000, 0x0000000715800000, 0x0000000715800000|100%| E|CS|TAMS 0x0000000715600000| PB 0x0000000715600000| Complete |  0
|2001|0x00000007ffe00000, 0x00000007fff1c330, 0x0000000800000000| 55%| O|  |TAMS 0x00000007ffe00000| PB 0x00000007ffe00000| Untracked |  0

Card table byte_map: [0x0000023628a50000,0x0000023629230000] _byte_map_base: 0x0000023625222000

Marking Bits: (CMBitMap*) 0x000002360ee429e0
 Bits: [0x0000023629230000, 0x000002362d0c0000)

Polling page: 0x000002360d2c0000

Metaspace:

Usage:
  Non-class:      3.90 MB used.
      Class:    318.28 KB used.
       Both:      4.21 MB used.

Virtual space:
  Non-class space:       64.00 MB reserved,       3.94 MB (  6%) committed,  1 nodes.
      Class space:        1.00 GB reserved,     448.00 KB ( <1%) committed,  1 nodes.
             Both:        1.06 GB reserved,       4.38 MB ( <1%) committed. 

Chunk freelists:
   Non-Class:  11.44 MB
       Class:  15.54 MB
        Both:  26.98 MB

MaxMetaspaceSize: unlimited
CompressedClassSpaceSize: 1.00 GB
Initial GC threshold: 21.00 MB
Current GC threshold: 21.00 MB
CDS: on
 - commit_granule_bytes: 65536.
 - commit_granule_words: 8192.
 - virtual_space_node_default_size: 8388608.
 - enlarge_chunks_in_place: 1.
UseCompressedClassPointers 1, UseCompactObjectHeaders 0
Narrow klass pointer bits 32, Max shift 3
Narrow klass base: 0x0000023631000000, Narrow klass shift: 0
Encoding Range: [0x0000023631000000 - 0x0000023731000000), (4294967296 bytes)
Klass Range:    [0x0000023631000000 - 0x0000023672000000), (1090519040 bytes)
Klass ID Range:  [8 - 1090519033) (1090519025)


Internal statistics:

num_allocs_failed_limit: 0.
num_arena_births: 82.
num_arena_deaths: 0.
num_vsnodes_births: 2.
num_vsnodes_deaths: 0.
num_space_committed: 70.
num_space_uncommitted: 0.
num_chunks_returned_to_freelist: 0.
num_chunks_taken_from_freelist: 131.
num_chunk_merges: 0.
num_chunk_splits: 76.
num_chunks_enlarged: 39.
num_inconsistent_stats: 0.

CodeHeap 'non-profiled nmethods': size=119232Kb used=185Kb max_used=185Kb free=119046Kb
 bounds [0x000002361ff10000, 0x0000023620180000, 0x0000023627380000]
CodeHeap 'profiled nmethods': size=119104Kb used=861Kb max_used=861Kb free=118242Kb
 bounds [0x0000023618380000, 0x00000236185f0000, 0x000002361f7d0000]
CodeHeap 'non-nmethods': size=7424Kb used=3046Kb max_used=3059Kb free=4378Kb
 bounds [0x000002361f7d0000, 0x000002361fad0000, 0x000002361ff10000]
CodeCache: size=245760Kb, used=4092Kb, max_used=4105Kb, free=241666Kb
 total_blobs=1140, nmethods=676, adapters=367, full_count=0
Compilation: enabled, stopped_count=0, restarted_count=0

Compilation events (20 events):
Event: 0.608 Thread 0x000002363031c510  666       3       java.lang.CharacterDataLatin1::equalsIgnoreCase (63 bytes)
Event: 0.608 Thread 0x000002363031c510 nmethod 666 0x0000023618455508 code [0x0000023618455640, 0x00000236184558e8]
Event: 0.609 Thread 0x00000236303112f0  667       4       jdk.internal.util.ArraysSupport::hashCodeOfUnsigned (55 bytes)
Event: 0.609 Thread 0x00000236303197b0  668       3       jdk.internal.constant.ClassOrInterfaceDescImpl::ofValidated (64 bytes)
Event: 0.609 Thread 0x00000236303197b0 nmethod 668 0x0000023618455908 code [0x0000023618455a20, 0x0000023618455ca8]
Event: 0.609 Thread 0x00000236303197b0  669       3       jdk.internal.classfile.impl.BufWriterImpl::writeU2U2U2 (89 bytes)
Event: 0.609 Thread 0x00000236303197b0 nmethod 669 0x0000023618455d08 code [0x0000023618455e40, 0x00000236184561d8]
Event: 0.610 Thread 0x00000236303197b0  670       3       java.nio.ByteBuffer::limit (8 bytes)
Event: 0.610 Thread 0x00000236303112f0 nmethod 667 0x000002361ff3d988 code [0x000002361ff3daa0, 0x000002361ff3dd78]
Event: 0.610 Thread 0x00000236303197b0 nmethod 670 0x0000023618456208 code [0x0000023618456320, 0x0000023618456478]
Event: 0.611 Thread 0x00000236303197b0  673       3       java.util.concurrent.ConcurrentHashMap$BaseIterator::hasNext (13 bytes)
Event: 0.612 Thread 0x000002363031b5f0  674       3       java.util.concurrent.ConcurrentHashMap$ValueIterator::next (34 bytes)
Event: 0.612 Thread 0x00000236303197b0 nmethod 673 0x0000023618456508 code [0x0000023618456620, 0x0000023618456780]
Event: 0.612 Thread 0x000002363031c510  675       3       jdk.internal.jimage.ImageStringsReader::hashCode (33 bytes)
Event: 0.612 Thread 0x00000236303197b0  676       3       java.util.Optional::empty (6 bytes)
Event: 0.612 Thread 0x00000236303197b0 nmethod 676 0x0000023618456808 code [0x0000023618456920, 0x0000023618456a10]
Event: 0.612 Thread 0x000002363031b5f0 nmethod 674 0x0000023618456b08 code [0x0000023618456c40, 0x0000023618456f48]
Event: 0.612 Thread 0x000002363031c510 nmethod 675 0x0000023618456f88 code [0x00000236184570a0, 0x0000023618457218]
Event: 0.612 Thread 0x0000023630319020  677       3       java.util.ArrayList::elementData (7 bytes)
Event: 0.612 Thread 0x0000023630319020 nmethod 677 0x0000023618457288 code [0x00000236184573a0, 0x00000236184574e0]

GC Heap History (0 events):
No events

Dll operation events (9 events):
Event: 0.022 Loaded shared library C:\Users\ASUS\.jdks\openjdk-24.0.2\bin\java.dll
Event: 0.023 Loaded shared library C:\Users\ASUS\.jdks\openjdk-24.0.2\bin\zip.dll
Event: 0.042 Loaded shared library C:\Users\ASUS\.jdks\openjdk-24.0.2\bin\jsvml.dll
Event: 0.430 Loaded shared library C:\Users\ASUS\.jdks\openjdk-24.0.2\bin\instrument.dll
Event: 0.494 Loaded shared library C:\Users\ASUS\.jdks\openjdk-24.0.2\bin\net.dll
Event: 0.495 Loaded shared library C:\Users\ASUS\.jdks\openjdk-24.0.2\bin\nio.dll
Event: 0.507 Loaded shared library C:\Users\ASUS\.jdks\openjdk-24.0.2\bin\zip.dll
Event: 0.558 Loaded shared library C:\Users\ASUS\.jdks\openjdk-24.0.2\bin\jimage.dll
Event: 0.579 Loaded shared library C:\Users\ASUS\AppData\Local\Temp\lwjglASUS\3.3.1-build-7\lwjgl.dll

Deoptimization events (20 events):
Event: 0.446 Thread 0x000002360f39e350 Uncommon trap: trap_request=0xffffff4d fr.pc=0x000002361ff1a9d4 relative=0x00000000000000b4
Event: 0.446 Thread 0x000002360f39e350 Uncommon trap: reason=unstable_if action=reinterpret pc=0x000002361ff1a9d4 method=java.lang.String.hashCode()I @ 42 c2
Event: 0.446 Thread 0x000002360f39e350 DEOPT PACKING pc=0x000002361ff1a9d4 sp=0x0000009b517fcb20
Event: 0.446 Thread 0x000002360f39e350 DEOPT UNPACKING pc=0x000002361f8f9402 sp=0x0000009b517fcab8 mode 2
Event: 0.448 Thread 0x000002360f39e350 Uncommon trap: trap_request=0xffffffde fr.pc=0x000002361ff1edf8 relative=0x00000000000007d8
Event: 0.448 Thread 0x000002360f39e350 Uncommon trap: reason=class_check action=maybe_recompile pc=0x000002361ff1edf8 method=java.util.HashMap.putVal(ILjava/lang/Object;Ljava/lang/Object;ZZ)Ljava/lang/Object; @ 106 c2
Event: 0.448 Thread 0x000002360f39e350 DEOPT PACKING pc=0x000002361ff1edf8 sp=0x0000009b517fc5f0
Event: 0.448 Thread 0x000002360f39e350 DEOPT UNPACKING pc=0x000002361f8f9402 sp=0x0000009b517fc588 mode 2
Event: 0.448 Thread 0x000002360f39e350 Uncommon trap: trap_request=0xffffffde fr.pc=0x000002361ff1edf8 relative=0x00000000000007d8
Event: 0.448 Thread 0x000002360f39e350 Uncommon trap: reason=class_check action=maybe_recompile pc=0x000002361ff1edf8 method=java.util.HashMap.putVal(ILjava/lang/Object;Ljava/lang/Object;ZZ)Ljava/lang/Object; @ 106 c2
Event: 0.448 Thread 0x000002360f39e350 DEOPT PACKING pc=0x000002361ff1edf8 sp=0x0000009b517fc530
Event: 0.448 Thread 0x000002360f39e350 DEOPT UNPACKING pc=0x000002361f8f9402 sp=0x0000009b517fc4c8 mode 2
Event: 0.448 Thread 0x000002360f39e350 Uncommon trap: trap_request=0xffffffde fr.pc=0x000002361ff1edf8 relative=0x00000000000007d8
Event: 0.448 Thread 0x000002360f39e350 Uncommon trap: reason=class_check action=maybe_recompile pc=0x000002361ff1edf8 method=java.util.HashMap.putVal(ILjava/lang/Object;Ljava/lang/Object;ZZ)Ljava/lang/Object; @ 106 c2
Event: 0.448 Thread 0x000002360f39e350 DEOPT PACKING pc=0x000002361ff1edf8 sp=0x0000009b517fc530
Event: 0.448 Thread 0x000002360f39e350 DEOPT UNPACKING pc=0x000002361f8f9402 sp=0x0000009b517fc4c8 mode 2
Event: 0.449 Thread 0x000002360f39e350 Uncommon trap: trap_request=0xffffffde fr.pc=0x000002361ff1edf8 relative=0x00000000000007d8
Event: 0.449 Thread 0x000002360f39e350 Uncommon trap: reason=class_check action=maybe_recompile pc=0x000002361ff1edf8 method=java.util.HashMap.putVal(ILjava/lang/Object;Ljava/lang/Object;ZZ)Ljava/lang/Object; @ 106 c2
Event: 0.449 Thread 0x000002360f39e350 DEOPT PACKING pc=0x000002361ff1edf8 sp=0x0000009b517fc5f0
Event: 0.449 Thread 0x000002360f39e350 DEOPT UNPACKING pc=0x000002361f8f9402 sp=0x0000009b517fc588 mode 2

Classes loaded (20 events):
Event: 0.607 Loading class java/nio/InvalidMarkException
Event: 0.607 Loading class java/nio/InvalidMarkException done
Event: 0.607 Loading class java/nio/BufferUnderflowException
Event: 0.607 Loading class java/nio/BufferUnderflowException done
Event: 0.608 Loading class org/lwjgl/system/MemoryStack
Event: 0.608 Loading class org/lwjgl/system/MemoryStack done
Event: 0.609 Loading class org/lwjgl/system/MemoryStack$DebugMemoryStack
Event: 0.609 Loading class org/lwjgl/system/MemoryStack$DebugMemoryStack done
Event: 0.609 Loading class org/lwjgl/system/MemoryStack
Event: 0.609 Loading class org/lwjgl/system/MemoryStack done
Event: 0.609 Loading class org/lwjgl/system/MemoryStack
Event: 0.609 Loading class org/lwjgl/system/MemoryStack done
Event: 0.609 Loading class org/lwjgl/BufferUtils
Event: 0.609 Loading class org/lwjgl/BufferUtils done
Event: 0.610 Loading class org/lwjgl/system/windows/WinBase
Event: 0.610 Loading class org/lwjgl/system/windows/WinBase done
Event: 0.610 Loading class org/lwjgl/system/ThreadLocalUtil
Event: 0.610 Loading class org/lwjgl/system/ThreadLocalUtil done
Event: 0.612 Loading class org/lwjgl/glfw/GLFW$Functions
Event: 0.612 Loading class org/lwjgl/glfw/GLFW$Functions done

Classes unloaded (0 events):
No events

Classes redefined (1 events):
Event: 0.455 Thread 0x000002360ef58f60 redefined class name=java.lang.Throwable, count=1

Internal exceptions (20 events):
Event: 0.431 Thread 0x000002360f39e350 Exception <a 'java/lang/NoSuchMethodError'{0x000000071556ca90}: 'void java.lang.invoke.DirectMethodHandle$Holder.invokeStatic(java.lang.Object, java.lang.Object, java.lang.Object)'> (0x000000071556ca90) 
thrown [s\open\src\hotspot\share\interpreter\linkResolver.cpp, line 805]
Event: 0.437 Thread 0x000002360f39e350 Exception <a 'java/lang/NoSuchMethodError'{0x00000007155a1650}: 'java.lang.Object java.lang.invoke.Invokers$Holder.invokeExact_MT(java.lang.Object, java.lang.Object, java.lang.Object, java.lang.Object, java.lang.Object)'> (0x00000007155a1650) 
thrown [s\open\src\hotspot\share\interpreter\linkResolver.cpp, line 805]
Event: 0.537 Thread 0x000002360f39e350 Exception <a 'java/lang/NoSuchMethodError'{0x0000000715167400}: 'void java.lang.invoke.DirectMethodHandle$Holder.invokeStatic(java.lang.Object, java.lang.Object)'> (0x0000000715167400) 
thrown [s\open\src\hotspot\share\interpreter\linkResolver.cpp, line 805]
Event: 0.540 Thread 0x000002360f39e350 Exception <a 'java/lang/NoSuchMethodError'{0x0000000715197668}: 'void java.lang.System.load(java.lang.String, java.lang.Class)'> (0x0000000715197668) 
thrown [s\open\src\hotspot\share\interpreter\linkResolver.cpp, line 805]
Event: 0.540 Thread 0x000002360f39e350 Exception <a 'java/lang/NoSuchMethodError'{0x00000007151981a8}: 'void java.lang.invoke.DirectMethodHandle$Holder.invokeSpecial(java.lang.Object, java.lang.Object, java.lang.Object)'> (0x00000007151981a8) 
thrown [s\open\src\hotspot\share\interpreter\linkResolver.cpp, line 805]
Event: 0.542 Thread 0x000002360f39e350 Exception <a 'java/lang/NoSuchMethodError'{0x00000007151ba370}: 'java.lang.Object java.lang.invoke.DirectMethodHandle$Holder.invokeStatic(java.lang.Object, java.lang.Object, int)'> (0x00000007151ba370) 
thrown [s\open\src\hotspot\share\interpreter\linkResolver.cpp, line 805]
Event: 0.544 Thread 0x000002360f39e350 Exception <a 'java/lang/NoSuchMethodError'{0x00000007151d3618}: 'void java.lang.invoke.DelegatingMethodHandle$Holder.delegate(java.lang.Object, java.lang.Object, int, java.lang.Object)'> (0x00000007151d3618) 
thrown [s\open\src\hotspot\share\interpreter\linkResolver.cpp, line 805]
Event: 0.544 Thread 0x000002360f39e350 Exception <a 'java/lang/NoSuchMethodError'{0x00000007151dbe88}: 'int java.lang.invoke.DirectMethodHandle$Holder.invokeSpecial(java.lang.Object, java.lang.Object, java.lang.Object)'> (0x00000007151dbe88) 
thrown [s\open\src\hotspot\share\interpreter\linkResolver.cpp, line 805]
Event: 0.550 Thread 0x000002360f39e350 Exception <a 'java/lang/NoSuchMethodError'{0x0000000714e22a28}: 'void java.lang.System.loadLibrary(java.lang.String, java.lang.Class)'> (0x0000000714e22a28) 
thrown [s\open\src\hotspot\share\interpreter\linkResolver.cpp, line 805]
Event: 0.570 Thread 0x000002360f39e350 Exception <a 'java/lang/NoSuchMethodError'{0x0000000714ed9968}: 'java.lang.Object java.lang.invoke.DirectMethodHandle$Holder.invokeStaticInit(java.lang.Object)'> (0x0000000714ed9968) 
thrown [s\open\src\hotspot\share\interpreter\linkResolver.cpp, line 805]
Event: 0.575 Thread 0x000002360f39e350 Exception <a 'sun/nio/fs/WindowsException'{0x0000000714ff4b40}> (0x0000000714ff4b40) 
thrown [s\open\src\hotspot\share\prims\jni.cpp, line 518]
Event: 0.575 Thread 0x000002360f39e350 Exception <a 'sun/nio/fs/WindowsException'{0x0000000714ff61b8}> (0x0000000714ff61b8) 
thrown [s\open\src\hotspot\share\prims\jni.cpp, line 518]
Event: 0.584 Thread 0x000002360f39e350 Exception <a 'sun/nio/fs/WindowsException'{0x0000000714c219f0}> (0x0000000714c219f0) 
thrown [s\open\src\hotspot\share\prims\jni.cpp, line 518]
Event: 0.584 Thread 0x000002360f39e350 Exception <a 'sun/nio/fs/WindowsException'{0x0000000714c21d70}> (0x0000000714c21d70) 
thrown [s\open\src\hotspot\share\prims\jni.cpp, line 518]
Event: 0.592 Thread 0x000002360f39e350 Exception <a 'java/lang/NoSuchMethodError'{0x0000000714c9bbe8}: 'int java.lang.invoke.DirectMethodHandle$Holder.invokeStaticInit(java.lang.Object, java.lang.Object, int, long)'> (0x0000000714c9bbe8) 
thrown [s\open\src\hotspot\share\interpreter\linkResolver.cpp, line 805]
Event: 0.593 Thread 0x000002360f39e350 Exception <a 'java/lang/NoSuchMethodError'{0x0000000714caacd0}: 'java.lang.Object java.lang.invoke.DirectMethodHandle$Holder.newInvokeSpecial(java.lang.Object, java.lang.Object, int)'> (0x0000000714caacd0) 
thrown [s\open\src\hotspot\share\interpreter\linkResolver.cpp, line 805]
Event: 0.605 Thread 0x000002360f39e350 Exception <a 'java/lang/NoSuchMethodError'{0x0000000714d2a410}: 'int java.lang.invoke.DirectMethodHandle$Holder.invokeStaticInit(java.lang.Object, java.lang.Object, long, long)'> (0x0000000714d2a410) 
thrown [s\open\src\hotspot\share\interpreter\linkResolver.cpp, line 805]
Event: 0.606 Thread 0x000002360f39e350 Exception <a 'java/lang/NoSuchMethodError'{0x0000000714d397c0}: 'java.lang.Object java.lang.invoke.DirectMethodHandle$Holder.newInvokeSpecial(java.lang.Object, java.lang.Object, long)'> (0x0000000714d397c0) 
thrown [s\open\src\hotspot\share\interpreter\linkResolver.cpp, line 805]
Event: 0.606 Thread 0x000002360f39e350 Exception <a 'java/lang/NoSuchMethodError'{0x0000000714d42250}: 'java.lang.Object java.lang.invoke.Invokers$Holder.linkToTargetMethod(java.lang.Object, long, java.lang.Object)'> (0x0000000714d42250) 
thrown [s\open\src\hotspot\share\interpreter\linkResolver.cpp, line 805]
Event: 0.607 Thread 0x000002360f39e350 Exception <a 'java/lang/NoSuchMethodError'{0x0000000714d52858}: 'int java.lang.invoke.DirectMethodHandle$Holder.invokeStaticInit(java.lang.Object, java.lang.Object, java.lang.Object, long)'> (0x0000000714d52858) 
thrown [s\open\src\hotspot\share\interpreter\linkResolver.cpp, line 805]

VM Operations (8 events):
Event: 0.425 Executing VM operation: ChangeBreakpoints
Event: 0.425 Executing VM operation: ChangeBreakpoints done
Event: 0.426 Executing VM operation: ChangeBreakpoints
Event: 0.426 Executing VM operation: ChangeBreakpoints done
Event: 0.455 Executing VM operation: RedefineClasses
Event: 0.456 Executing VM operation: RedefineClasses done
Event: 0.470 Executing VM operation: get/set locals
Event: 0.470 Executing VM operation: get/set locals done

Memory protections (0 events):
No events

Nmethod flushes (0 events):
No events

Events (18 events):
Event: 0.032 Thread 0x000002360f39e350 Thread added: 0x000002360f39e350
Event: 0.041 Thread 0x000002360f39e350 Thread added: 0x00000236302d9bf0
Event: 0.041 Thread 0x000002360f39e350 Thread added: 0x00000236302db940
Event: 0.041 Thread 0x000002360f39e350 Thread added: 0x00000236302dca20
Event: 0.041 Thread 0x000002360f39e350 Thread added: 0x00000236302e58e0
Event: 0.041 Thread 0x000002360f39e350 Thread added: 0x00000236302e6ce0
Event: 0.041 Thread 0x000002360f39e350 Thread added: 0x00000236302eb950
Event: 0.041 Thread 0x000002360f39e350 Thread added: 0x00000236303112f0
Event: 0.041 Thread 0x000002360f39e350 Thread added: 0x0000023630319020
Event: 0.056 Thread 0x0000023630319020 Thread added: 0x000002363031c510
Event: 0.056 Thread 0x0000023630319020 Thread added: 0x00000236303197b0
Event: 0.057 Thread 0x0000023630319020 Thread added: 0x000002363031b5f0
Event: 0.075 Thread 0x000002360f39e350 Thread added: 0x00000236304bedd0
Event: 0.075 Thread 0x000002360f39e350 Thread added: 0x000002363056a780
Event: 0.075 Thread 0x00000236304bedd0 Thread added: 0x000002363056aed0
Event: 0.438 Thread 0x000002360f39e350 Thread added: 0x00000236304f5c00
Event: 0.473 Thread 0x000002360f39e350 Thread added: 0x000002363068f5a0
Event: 0.477 Thread 0x000002360f39e350 Thread added: 0x00000236306b8a90


Dynamic libraries:
0x00007ff788be0000 - 0x00007ff788bee000 	C:\Users\ASUS\.jdks\openjdk-24.0.2\bin\java.exe
0x00007ffb23df0000 - 0x00007ffb24007000 	C:\Windows\SYSTEM32\ntdll.dll
0x00007ffb22580000 - 0x00007ffb22644000 	C:\Windows\System32\KERNEL32.DLL
0x00007ffb21020000 - 0x00007ffb213f0000 	C:\Windows\System32\KERNELBASE.dll
0x00007ffb21690000 - 0x00007ffb217a1000 	C:\Windows\System32\ucrtbase.dll
0x00007ffb0a1e0000 - 0x00007ffb0a1fb000 	C:\Users\ASUS\.jdks\openjdk-24.0.2\bin\VCRUNTIME140.dll
0x00007ffb0a200000 - 0x00007ffb0a216000 	C:\Users\ASUS\.jdks\openjdk-24.0.2\bin\jli.dll
0x00007ffb23980000 - 0x00007ffb23b31000 	C:\Windows\System32\USER32.dll
0x00007ffb21a50000 - 0x00007ffb21a76000 	C:\Windows\System32\win32u.dll
0x00007ffb049a0000 - 0x00007ffb04c3c000 	C:\Windows\WinSxS\amd64_microsoft.windows.common-controls_6595b64144ccf1df_6.0.22621.5840_none_2710ea077384a4fe\COMCTL32.dll
0x00007ffb226c0000 - 0x00007ffb226e9000 	C:\Windows\System32\GDI32.dll
0x00007ffb21b20000 - 0x00007ffb21bc7000 	C:\Windows\System32\msvcrt.dll
0x00007ffb20ef0000 - 0x00007ffb21013000 	C:\Windows\System32\gdi32full.dll
0x00007ffb213f0000 - 0x00007ffb2148a000 	C:\Windows\System32\msvcp_win.dll
0x00007ffb21ae0000 - 0x00007ffb21b11000 	C:\Windows\System32\IMM32.DLL
0x00007ffb1a550000 - 0x00007ffb1a55c000 	C:\Users\ASUS\.jdks\openjdk-24.0.2\bin\vcruntime140_1.dll
0x00007ffaf42b0000 - 0x00007ffaf433e000 	C:\Users\ASUS\.jdks\openjdk-24.0.2\bin\msvcp140.dll
0x00007ffa7b8b0000 - 0x00007ffa7c651000 	C:\Users\ASUS\.jdks\openjdk-24.0.2\bin\server\jvm.dll
0x00007ffb21e10000 - 0x00007ffb21ec1000 	C:\Windows\System32\ADVAPI32.dll
0x00007ffb23d00000 - 0x00007ffb23da8000 	C:\Windows\System32\sechost.dll
0x00007ffb219a0000 - 0x00007ffb219c8000 	C:\Windows\System32\bcrypt.dll
0x00007ffb226f0000 - 0x00007ffb22808000 	C:\Windows\System32\RPCRT4.dll
0x00007ffb23870000 - 0x00007ffb238e1000 	C:\Windows\System32\WS2_32.dll
0x00007ffb1fd10000 - 0x00007ffb1fd5d000 	C:\Windows\SYSTEM32\POWRPROF.dll
0x00007ffb188b0000 - 0x00007ffb188e4000 	C:\Windows\SYSTEM32\WINMM.dll
0x00007ffb180d0000 - 0x00007ffb180da000 	C:\Windows\SYSTEM32\VERSION.dll
0x00007ffb1fcf0000 - 0x00007ffb1fd03000 	C:\Windows\SYSTEM32\UMPDC.dll
0x00007ffb1ffb0000 - 0x00007ffb1ffc8000 	C:\Windows\SYSTEM32\kernel.appcore.dll
0x00007ffb18c70000 - 0x00007ffb18c7a000 	C:\Users\ASUS\.jdks\openjdk-24.0.2\bin\jimage.dll
0x00007ffb1e2c0000 - 0x00007ffb1e4f3000 	C:\Windows\SYSTEM32\DBGHELP.DLL
0x00007ffb234d0000 - 0x00007ffb23861000 	C:\Windows\System32\combase.dll
0x00007ffb22810000 - 0x00007ffb228e8000 	C:\Windows\System32\OLEAUT32.dll
0x00007ffb164b0000 - 0x00007ffb164e2000 	C:\Windows\SYSTEM32\dbgcore.DLL
0x00007ffb217b0000 - 0x00007ffb2182b000 	C:\Windows\System32\bcryptPrimitives.dll
0x00007ffaf4250000 - 0x00007ffaf428c000 	C:\Users\ASUS\.jdks\openjdk-24.0.2\bin\jdwp.dll
0x00007ffb03d70000 - 0x00007ffb03d7f000 	C:\Users\ASUS\.jdks\openjdk-24.0.2\bin\instrument.dll
0x00007ffb0a1c0000 - 0x00007ffb0a1de000 	C:\Users\ASUS\.jdks\openjdk-24.0.2\bin\java.dll
0x00007ffb23b40000 - 0x00007ffb23ce0000 	C:\Windows\System32\ole32.dll
0x00007ffb22a50000 - 0x00007ffb232f1000 	C:\Windows\System32\SHELL32.dll
0x00007ffb21550000 - 0x00007ffb2168f000 	C:\Windows\System32\wintypes.dll
0x00007ffab93c0000 - 0x00007ffab95d1000 	C:\Users\ASUS\AppData\Local\Temp\idea_libasyncProfiler_dll_temp_folder2\libasyncProfiler.dll
0x00007ffb09f60000 - 0x00007ffb09f77000 	C:\Users\ASUS\.jdks\openjdk-24.0.2\bin\zip.dll
0x00007ffb1edd0000 - 0x00007ffb1f6ea000 	C:\Windows\SYSTEM32\windows.storage.dll
0x00007ffb23300000 - 0x00007ffb2340a000 	C:\Windows\System32\SHCORE.dll
0x00007ffb22650000 - 0x00007ffb226b9000 	C:\Windows\System32\shlwapi.dll
0x00007ffb20e20000 - 0x00007ffb20e45000 	C:\Windows\SYSTEM32\profapi.dll
0x00007ffaf34d0000 - 0x00007ffaf35a7000 	C:\Users\ASUS\.jdks\openjdk-24.0.2\bin\jsvml.dll
0x00007ffb03d30000 - 0x00007ffb03d3c000 	C:\Users\ASUS\.jdks\openjdk-24.0.2\bin\dt_socket.dll
0x00007ffb1fa00000 - 0x00007ffb1fa2d000 	C:\Windows\SYSTEM32\IPHLPAPI.DLL
0x00007ffb20490000 - 0x00007ffb204f9000 	C:\Windows\system32\mswsock.dll
0x00007ffb158c0000 - 0x00007ffb158d0000 	C:\Users\ASUS\.jdks\openjdk-24.0.2\bin\net.dll
0x00007ffb0a1a0000 - 0x00007ffb0a1b6000 	C:\Users\ASUS\.jdks\openjdk-24.0.2\bin\nio.dll
0x00007ffaf24a0000 - 0x00007ffaf2515000 	C:\Users\ASUS\AppData\Local\Temp\lwjglASUS\3.3.1-build-7\lwjgl.dll
0x00007ffaf3460000 - 0x00007ffaf34c1000 	C:\Users\ASUS\AppData\Local\Temp\lwjglASUS\3.3.1-build-7\glfw.dll

JVMTI agents:
jdwp path:C:\Users\ASUS\.jdks\openjdk-24.0.2\bin\jdwp.dll, loaded, initialized, options:transport=dt_socket,address=127.0.0.1:51522,suspend=y,server=n
C:\Users\ASUS\AppData\Local\JetBrains\IntelliJIdea2025.2\captureAgent\debugger-agent.jar path:C:\Users\ASUS\.jdks\openjdk-24.0.2\bin\instrument.dll, loaded, initialized, instrumentlib options:file:///C:/Users/ASUS/AppData/Local/Temp/capture9273980972158581835.props
C:\Users\ASUS\AppData\Local\Temp\idea_libasyncProfiler_dll_temp_folder2\libasyncProfiler.dll path:C:\Users\ASUS\AppData\Local\Temp\idea_libasyncProfiler_dll_temp_folder2\libasyncProfiler.dll, loaded, initialized, options:version,jfr,event=wall,interval=10ms,cstack=no,file=C:\Users\ASUS\IdeaSnapshots\ShadowDungeon_2025_10_12_190613.jfr,dbghelppath=C:\Users\ASUS\AppData\Local\Temp\idea_dbghelp_dll_temp_folder\dbghelp.dll,log=C:\Users\ASUS\AppData\Local\Temp\ShadowDungeon_2025_10_12_190613.jfr.log.txt,logLevel=DEBUG

dbghelp: loaded successfully - version: 4.0.5 - missing functions: none
symbol engine: initialized successfully - sym options: 0x614 - pdb path: .;C:\Users\ASUS\.jdks\openjdk-24.0.2\bin;C:\Windows\SYSTEM32;C:\Windows\WinSxS\amd64_microsoft.windows.common-controls_6595b64144ccf1df_6.0.22621.5840_none_2710ea077384a4fe;C:\Users\ASUS\.jdks\openjdk-24.0.2\bin\server;C:\Users\ASUS\AppData\Local\Temp\idea_libasyncProfiler_dll_temp_folder2;C:\Users\ASUS\AppData\Local\Temp\lwjglASUS\3.3.1-build-7

VM Arguments:
jvm_args: -agentlib:jdwp=transport=dt_socket,address=127.0.0.1:51522,suspend=y,server=n -javaagent:C:\Users\ASUS\AppData\Local\JetBrains\IntelliJIdea2025.2\captureAgent\debugger-agent.jar=file:///C:/Users/ASUS/AppData/Local/Temp/capture9273980972158581835.props -agentpath:C:\Users\ASUS\AppData\Local\Temp\idea_libasyncProfiler_dll_temp_folder2\libasyncProfiler.dll=version,jfr,event=wall,interval=10ms,cstack=no,file=C:\Users\ASUS\IdeaSnapshots\ShadowDungeon_2025_10_12_190613.jfr,dbghelppath=C:\Users\ASUS\AppData\Local\Temp\idea_dbghelp_dll_temp_folder\dbghelp.dll,log=C:\Users\ASUS\AppData\Local\Temp\ShadowDungeon_2025_10_12_190613.jfr.log.txt,logLevel=DEBUG -Dkotlinx.coroutines.debug.enable.creation.stack.trace=false -Ddebugger.agent.enable.coroutines=true -Dkotlinx.coroutines.debug.enable.flows.stack.trace=true -Dkotlinx.coroutines.debug.enable.mutable.state.flows.stack.trace=true -Dfile.encoding=UTF-8 -Dsun.stdout.encoding=UTF-8 -Dsun.stderr.encoding=UTF-8 
java_command: ShadowDungeon
java_class_path (initial): E:\SWEN20003_Proj\haochenyou-project-2\target\classes;C:\Users\ASUS\.m2\repository\org\lwjgl\lwjgl\3.3.1\lwjgl-3.3.1.jar;C:\Users\ASUS\.m2\repository\org\lwjgl\lwjgl-assimp\3.3.1\lwjgl-assimp-3.3.1.jar;C:\Users\ASUS\.m2\repository\org\lwjgl\lwjgl-glfw\3.3.1\lwjgl-glfw-3.3.1.jar;C:\Users\ASUS\.m2\repository\org\lwjgl\lwjgl-openal\3.3.1\lwjgl-openal-3.3.1.jar;C:\Users\ASUS\.m2\repository\org\lwjgl\lwjgl-opengl\3.3.1\lwjgl-opengl-3.3.1.jar;C:\Users\ASUS\.m2\repository\org\lwjgl\lwjgl-stb\3.3.1\lwjgl-stb-3.3.1.jar;C:\Users\ASUS\.m2\repository\org\lwjgl\lwjgl\3.3.1\lwjgl-3.3.1-natives-windows.jar;C:\Users\ASUS\.m2\repository\org\lwjgl\lwjgl-assimp\3.3.1\lwjgl-assimp-3.3.1-natives-windows.jar;C:\Users\ASUS\.m2\repository\org\lwjgl\lwjgl-glfw\3.3.1\lwjgl-glfw-3.3.1-natives-windows.jar;C:\Users\ASUS\.m2\repository\org\lwjgl\lwjgl-openal\3.3.1\lwjgl-openal-3.3.1-natives-windows.jar;C:\Users\ASUS\.m2\repository\org\lwjgl\lwjgl-opengl\3.3.1\lwjgl-opengl-3.3.1-natives-windows.jar;C:\Users\ASUS\.m2\repository\org\lwjgl\lwjgl-stb\3.3.1\lwjgl-stb-3.3.1-natives-windows.jar;C:\Users\ASUS\.m2\repository\io\github\eleanor-em\bagel\1.9.3\bagel-1.9.3.jar;E:\Intellij\IntelliJ IDEA 2025.2\lib\idea_rt.jar
Launcher Type: SUN_STANDARD

[Global flags]
     intx CICompilerCount                          = 12                                        {product} {ergonomic}
     uint ConcGCThreads                            = 4                                         {product} {ergonomic}
     uint G1ConcRefinementThreads                  = 15                                        {product} {ergonomic}
   size_t G1HeapRegionSize                         = 2097152                                   {product} {ergonomic}
   size_t InitialHeapSize                          = 264241152                                 {product} {ergonomic}
   size_t MarkStackSize                            = 4194304                                   {product} {ergonomic}
   size_t MarkStackSizeMax                         = 536870912                                 {product} {ergonomic}
   size_t MaxHeapSize                              = 4198498304                                {product} {ergonomic}
   size_t MaxNewSize                               = 2518679552                                {product} {ergonomic}
   size_t MinHeapDeltaBytes                        = 2097152                                   {product} {ergonomic}
   size_t MinHeapSize                              = 8388608                                   {product} {ergonomic}
    uintx NonNMethodCodeHeapSize                   = 7602176                                {pd product} {ergonomic}
    uintx NonProfiledCodeHeapSize                  = 122093568                              {pd product} {ergonomic}
    uintx ProfiledCodeHeapSize                     = 121962496                              {pd product} {ergonomic}
    uintx ReservedCodeCacheSize                    = 251658240                              {pd product} {ergonomic}
     bool SegmentedCodeCache                       = true                                      {product} {ergonomic}
   size_t SoftMaxHeapSize                          = 4198498304                             {manageable} {ergonomic}
     bool UseCompressedOops                        = true                           {product lp64_product} {ergonomic}
     bool UseG1GC                                  = true                                      {product} {ergonomic}
     bool UseLargePagesIndividualAllocation        = false                                  {pd product} {ergonomic}

Logging:
Log output configuration:
 #0: stdout all=warning uptime,level,tags foldmultilines=false
 #1: stderr all=off uptime,level,tags foldmultilines=false

Environment Variables:
PATH=C:\Program Files (x86)\Razer Chroma SDK\bin;C:\Program Files\Razer Chroma SDK\bin;C:\Program Files (x86)\Dev-Cpp\MinGW64\bin;C:\Program Files\dotnet\;C:\Program Files\MATLAB\R2023b\bin;C:\Windows\system32;C:\Windows;C:\Program Files\NVIDIA Corporation\NVIDIA app\NvDLISR;C:\Program Files (x86)\NVIDIA Corporation\PhysX\Common;C:\Windows\system32\config\systemprofile\AppData\Local\Microsoft\WindowsApps;C:\Program Files (x86)\Razer\ChromaBroadcast\bin;C:\Program Files\Razer\ChromaBroadcast\bin;C:\Users\ASUS\AppData\Local\Microsoft\WindowsApps;C:\Windows\system32\config\systemprofile\AppData\Local\Muse Hub\lib;C:\Program Files\Git\cmd;D:\nodejs\;C:\Program Files\dotnet\;C:\Users\ASUS\AppData\Local\Microsoft\WindowsApps;C:\Users\ASUS\AppData\Local\Muse Hub\lib;D:\nodejs\node_global;E:\IntelliJ IDEA 2025.1.4.1\bin;;C:\Users\ASUS\AppData\Local\GitHubDesktop\bin;C:\Users\ASUS\AppData\Local\Programs\Microsoft VS Code\bin;C:\Windows\System32\WindowsPowerShell\v1.0\;C:\Users\ASUS\.dotnet\tools;{03555C97-E719-40ed-B706-5CE607D0B817}_11872;
USERNAME=ASUS
OS=Windows_NT
PROCESSOR_IDENTIFIER=Intel64 Family 6 Model 186 Stepping 2, GenuineIntel
TMP=C:\Users\ASUS\AppData\Local\Temp
TEMP=C:\Users\ASUS\AppData\Local\Temp




Periodic native trim disabled

---------------  S Y S T E M  ---------------

OS:
 Windows 11 , 64 bit Build 22621 (10.0.22621.5415)
OS uptime: 0 days 9:24 hours

CPU: total 20 (initial active 20) (10 cores per cpu, 2 threads per core) family 6 model 186 stepping 2 microcode 0x4122, cx8, cmov, fxsr, ht, mmx, 3dnowpref, sse, sse2, sse3, ssse3, sse4.1, sse4.2, popcnt, lzcnt, tsc, tscinvbit, avx, avx2, aes, erms, clmul, bmi1, bmi2, adx, sha, fma, vzeroupper, clflush, clflushopt, clwb, serialize, rdtscp, rdpid, fsrm, gfni, f16c, pku, cet_ibt, cet_ss
Processor Information for the first 20 processors :
  Max Mhz: 2600, Current Mhz: 2600, Mhz Limit: 2600

Memory: 4k page, system-wide physical 16008M (3402M free)
TotalPageFile size 58298M (AvailPageFile size 38270M)
current process WorkingSet (physical memory assigned to process): 67M, peak: 67M
current process commit charge ("private bytes"): 381M, peak: 381M

vm_info: OpenJDK 64-Bit Server VM (24.0.2+12-54) for windows-amd64 JRE (24.0.2+12-54), built on 2025-07-08T12:10:27Z with MS VC++ 17.6 (VS2022)

END.
